1634129633353	geckodriver	INFO	Listening on 127.0.0.1:58412
1634129634352	mozrunner::runner	INFO	Running command: "/Applications/Firefox.app/Contents/MacOS/firefox-bin" "--marionette" "-headless" "--user-agent=Mozilla/5.0 (Windows NT 10.0; Win64; x64) AppleWebKit/537.36 (KHTML, like Gecko) Chrome/61.0.3163.100 Safari/537.36" "-foreground" "-no-remote" "-profile" "/var/folders/vg/6bswdsv92tz16s_1c281j3km0000gn/T/rust_mozprofilexhjZON"
*** You are running in headless mode.
1634129635839	Marionette	INFO	Marionette enabled
[GFX1-]: RenderCompositorSWGL failed mapping default framebuffer, no dt
console.warn: SearchSettings: "get: No settings file exists, new profile?" (new NotFoundError("Could not open the file at /var/folders/vg/6bswdsv92tz16s_1c281j3km0000gn/T/rust_mozprofilexhjZON/search.json.mozlz4", (void 0)))
console.error: BackgroundUpdate: 
  _reasonsToNotScheduleUpdates: Failed to check for Maintenance Service Registry Key: [Exception... "Component returned failure code: 0x80004001 (NS_ERROR_NOT_IMPLEMENTED) [nsIUpdateProcessor.getServiceRegKeyExists]"  nsresult: "0x80004001 (NS_ERROR_NOT_IMPLEMENTED)"  location: "JS frame :: resource://gre/modules/BackgroundUpdate.jsm :: _reasonsToNotScheduleUpdates :: line 243"  data: no]
1634129640337	Marionette	INFO	Listening on port 58423
1634129640452	RemoteAgent	WARN	TLS certificate errors will be ignored for this session
JavaScript warning: https://pagead2.googlesyndication.com/bg/Op0h1o4bLATv4Gekw87wLIhuIhk3mUgQ1PXLVSVUXpk.js line 1 > eval line 4601 > eval, line 1: WEBGL_debug_renderer_info is deprecated in Firefox and will be removed. Please use RENDERER.
JavaScript warning: https://pagead2.googlesyndication.com/bg/Op0h1o4bLATv4Gekw87wLIhuIhk3mUgQ1PXLVSVUXpk.js line 1 > eval line 890 > eval, line 1: WEBGL_debug_renderer_info is deprecated in Firefox and will be removed. Please use RENDERER.
JavaScript error: https://assets.jiji.co.ke/static/bundles/js/chunk-main-AdvertItemPage-AdvertItemPage-vue.ee4c206bac43caf0e03a.min.js, line 1: TypeError: this.advert is null
JavaScript error: https://assets.jiji.co.ke/static/bundles/js/chunk-main-AdvertItemPage-AdvertItemPage-vue.ee4c206bac43caf0e03a.min.js, line 1: TypeError: this.advert is null
JavaScript error: https://assets.jiji.co.ke/static/bundles/js/chunk-main-AdvertItemPage-AdvertItemPage-vue.ee4c206bac43caf0e03a.min.js, line 1: TypeError: this.advert is null
JavaScript error: https://assets.jiji.co.ke/static/bundles/js/chunk-main-AdvertItemPage-AdvertItemPage-vue.ee4c206bac43caf0e03a.min.js, line 1: TypeError: this.advert is null
1634129736007	geckodriver	INFO	Listening on 127.0.0.1:58594
1634129736038	mozrunner::runner	INFO	Running command: "/Applications/Firefox.app/Contents/MacOS/firefox-bin" "--marionette" "-headless" "--user-agent=Mozilla/5.0 (Windows NT 10.0; Win64; x64) AppleWebKit/537.36 (KHTML, like Gecko) Chrome/61.0.3163.100 Safari/537.36" "-foreground" "-no-remote" "-profile" "/var/folders/vg/6bswdsv92tz16s_1c281j3km0000gn/T/rust_mozprofiletG9oev"
*** You are running in headless mode.
1634129738130	Marionette	INFO	Marionette enabled
[GFX1-]: RenderCompositorSWGL failed mapping default framebuffer, no dt
console.warn: SearchSettings: "get: No settings file exists, new profile?" (new NotFoundError("Could not open the file at /var/folders/vg/6bswdsv92tz16s_1c281j3km0000gn/T/rust_mozprofiletG9oev/search.json.mozlz4", (void 0)))
console.error: BackgroundUpdate: 
  _reasonsToNotScheduleUpdates: Failed to check for Maintenance Service Registry Key: [Exception... "Component returned failure code: 0x80004001 (NS_ERROR_NOT_IMPLEMENTED) [nsIUpdateProcessor.getServiceRegKeyExists]"  nsresult: "0x80004001 (NS_ERROR_NOT_IMPLEMENTED)"  location: "JS frame :: resource://gre/modules/BackgroundUpdate.jsm :: _reasonsToNotScheduleUpdates :: line 243"  data: no]
1634129742475	Marionette	INFO	Listening on port 58603
1634129742580	RemoteAgent	WARN	TLS certificate errors will be ignored for this session
JavaScript warning: https://pagead2.googlesyndication.com/bg/Op0h1o4bLATv4Gekw87wLIhuIhk3mUgQ1PXLVSVUXpk.js line 1 > eval line 7679 > eval line 1 > eval, line 1: WEBGL_debug_renderer_info is deprecated in Firefox and will be removed. Please use RENDERER.
JavaScript warning: https://pagead2.googlesyndication.com/bg/Op0h1o4bLATv4Gekw87wLIhuIhk3mUgQ1PXLVSVUXpk.js line 1 > eval line 5313 > eval line 1 > eval, line 1: WEBGL_debug_renderer_info is deprecated in Firefox and will be removed. Please use RENDERER.
console.log: WebExtensions: reset-default-search: starting.
console.log: WebExtensions: reset-default-search: No addons in our list are installed.
1634130251015	geckodriver	INFO	Listening on 127.0.0.1:58795
1634130252043	mozrunner::runner	INFO	Running command: "/Applications/Firefox.app/Contents/MacOS/firefox-bin" "--marionette" "-headless" "--user-agent=Mozilla/5.0 (Windows NT 10.0; Win64; x64) AppleWebKit/537.36 (KHTML, like Gecko) Chrome/61.0.3163.100 Safari/537.36" "-foreground" "-no-remote" "-profile" "/var/folders/vg/6bswdsv92tz16s_1c281j3km0000gn/T/rust_mozprofileebZvIF"
*** You are running in headless mode.
1634130253507	Marionette	INFO	Marionette enabled
[GFX1-]: RenderCompositorSWGL failed mapping default framebuffer, no dt
console.warn: SearchSettings: "get: No settings file exists, new profile?" (new NotFoundError("Could not open the file at /var/folders/vg/6bswdsv92tz16s_1c281j3km0000gn/T/rust_mozprofileebZvIF/search.json.mozlz4", (void 0)))
console.error: BackgroundUpdate: 
  _reasonsToNotScheduleUpdates: Failed to check for Maintenance Service Registry Key: [Exception... "Component returned failure code: 0x80004001 (NS_ERROR_NOT_IMPLEMENTED) [nsIUpdateProcessor.getServiceRegKeyExists]"  nsresult: "0x80004001 (NS_ERROR_NOT_IMPLEMENTED)"  location: "JS frame :: resource://gre/modules/BackgroundUpdate.jsm :: _reasonsToNotScheduleUpdates :: line 243"  data: no]
1634130257810	Marionette	INFO	Listening on port 58806
1634130257908	RemoteAgent	WARN	TLS certificate errors will be ignored for this session
JavaScript warning: https://pagead2.googlesyndication.com/bg/Op0h1o4bLATv4Gekw87wLIhuIhk3mUgQ1PXLVSVUXpk.js line 1 > eval line 5949 > eval, line 1: WEBGL_debug_renderer_info is deprecated in Firefox and will be removed. Please use RENDERER.
1634130403366	geckodriver	INFO	Listening on 127.0.0.1:58960
1634130404372	mozrunner::runner	INFO	Running command: "/Applications/Firefox.app/Contents/MacOS/firefox-bin" "--marionette" "-headless" "--user-agent=Mozilla/5.0 (Windows NT 10.0; Win64; x64) AppleWebKit/537.36 (KHTML, like Gecko) Chrome/61.0.3163.100 Safari/537.36" "-foreground" "-no-remote" "-profile" "/var/folders/vg/6bswdsv92tz16s_1c281j3km0000gn/T/rust_mozprofileBz4YNj"
*** You are running in headless mode.
1634130406186	Marionette	INFO	Marionette enabled
[GFX1-]: RenderCompositorSWGL failed mapping default framebuffer, no dt
console.warn: SearchSettings: "get: No settings file exists, new profile?" (new NotFoundError("Could not open the file at /var/folders/vg/6bswdsv92tz16s_1c281j3km0000gn/T/rust_mozprofileBz4YNj/search.json.mozlz4", (void 0)))
console.error: BackgroundUpdate: 
  _reasonsToNotScheduleUpdates: Failed to check for Maintenance Service Registry Key: [Exception... "Component returned failure code: 0x80004001 (NS_ERROR_NOT_IMPLEMENTED) [nsIUpdateProcessor.getServiceRegKeyExists]"  nsresult: "0x80004001 (NS_ERROR_NOT_IMPLEMENTED)"  location: "JS frame :: resource://gre/modules/BackgroundUpdate.jsm :: _reasonsToNotScheduleUpdates :: line 243"  data: no]
1634130411216	Marionette	INFO	Listening on port 58967
1634130411333	RemoteAgent	WARN	TLS certificate errors will be ignored for this session
JavaScript warning: https://pagead2.googlesyndication.com/bg/Op0h1o4bLATv4Gekw87wLIhuIhk3mUgQ1PXLVSVUXpk.js line 1 > eval line 7687 > eval line 1 > eval, line 1: WEBGL_debug_renderer_info is deprecated in Firefox and will be removed. Please use RENDERER.
JavaScript warning: https://pagead2.googlesyndication.com/bg/Op0h1o4bLATv4Gekw87wLIhuIhk3mUgQ1PXLVSVUXpk.js line 1 > eval line 6642 > eval, line 1: WEBGL_debug_renderer_info is deprecated in Firefox and will be removed. Please use RENDERER.
1634130702181	geckodriver	INFO	Listening on 127.0.0.1:59159
1634130703242	mozrunner::runner	INFO	Running command: "/Applications/Firefox.app/Contents/MacOS/firefox-bin" "--marionette" "-headless" "--user-agent=Mozilla/5.0 (Windows NT 10.0; Win64; x64) AppleWebKit/537.36 (KHTML, like Gecko) Chrome/61.0.3163.100 Safari/537.36" "-foreground" "-no-remote" "-profile" "/var/folders/vg/6bswdsv92tz16s_1c281j3km0000gn/T/rust_mozprofile9JHAV1"
*** You are running in headless mode.
1634130705999	Marionette	INFO	Marionette enabled
[GFX1-]: RenderCompositorSWGL failed mapping default framebuffer, no dt
console.warn: SearchSettings: "get: No settings file exists, new profile?" (new NotFoundError("Could not open the file at /var/folders/vg/6bswdsv92tz16s_1c281j3km0000gn/T/rust_mozprofile9JHAV1/search.json.mozlz4", (void 0)))
console.error: BackgroundUpdate: 
  _reasonsToNotScheduleUpdates: Failed to check for Maintenance Service Registry Key: [Exception... "Component returned failure code: 0x80004001 (NS_ERROR_NOT_IMPLEMENTED) [nsIUpdateProcessor.getServiceRegKeyExists]"  nsresult: "0x80004001 (NS_ERROR_NOT_IMPLEMENTED)"  location: "JS frame :: resource://gre/modules/BackgroundUpdate.jsm :: _reasonsToNotScheduleUpdates :: line 243"  data: no]
1634130712833	Marionette	INFO	Listening on port 59166
1634130712973	RemoteAgent	WARN	TLS certificate errors will be ignored for this session
JavaScript warning: https://pagead2.googlesyndication.com/bg/Op0h1o4bLATv4Gekw87wLIhuIhk3mUgQ1PXLVSVUXpk.js line 1 > eval line 2864 > eval line 1 > eval, line 1: WEBGL_debug_renderer_info is deprecated in Firefox and will be removed. Please use RENDERER.
JavaScript warning: https://pagead2.googlesyndication.com/bg/Op0h1o4bLATv4Gekw87wLIhuIhk3mUgQ1PXLVSVUXpk.js line 1 > eval line 7649 > eval, line 1: WEBGL_debug_renderer_info is deprecated in Firefox and will be removed. Please use RENDERER.
console.log: WebExtensions: reset-default-search: starting.
console.log: WebExtensions: reset-default-search: No addons in our list are installed.
1634130936084	addons.xpi	ERROR	System addon update list error Error: Failed downloading XML, status: 0, reason: timeout
1634130953988	geckodriver	INFO	Listening on 127.0.0.1:59434
1634130955033	mozrunner::runner	INFO	Running command: "/Applications/Firefox.app/Contents/MacOS/firefox-bin" "--marionette" "-headless" "--user-agent=Mozilla/5.0 (Windows NT 10.0; Win64; x64) AppleWebKit/537.36 (KHTML, like Gecko) Chrome/61.0.3163.100 Safari/537.36" "-foreground" "-no-remote" "-profile" "/var/folders/vg/6bswdsv92tz16s_1c281j3km0000gn/T/rust_mozprofilehmcsxL"
*** You are running in headless mode.
1634130956816	Marionette	INFO	Marionette enabled
[GFX1-]: RenderCompositorSWGL failed mapping default framebuffer, no dt
console.warn: SearchSettings: "get: No settings file exists, new profile?" (new NotFoundError("Could not open the file at /var/folders/vg/6bswdsv92tz16s_1c281j3km0000gn/T/rust_mozprofilehmcsxL/search.json.mozlz4", (void 0)))
console.error: BackgroundUpdate: 
  _reasonsToNotScheduleUpdates: Failed to check for Maintenance Service Registry Key: [Exception... "Component returned failure code: 0x80004001 (NS_ERROR_NOT_IMPLEMENTED) [nsIUpdateProcessor.getServiceRegKeyExists]"  nsresult: "0x80004001 (NS_ERROR_NOT_IMPLEMENTED)"  location: "JS frame :: resource://gre/modules/BackgroundUpdate.jsm :: _reasonsToNotScheduleUpdates :: line 243"  data: no]
1634130962208	Marionette	INFO	Listening on port 59441
1634130962282	RemoteAgent	WARN	TLS certificate errors will be ignored for this session
console.error: Region.jsm: "Error fetching region" (new Error("TIMEOUT", "resource://gre/modules/Region.jsm", 772))
console.error: Region.jsm: "Failed to fetch region" (new Error("TIMEOUT", "resource://gre/modules/Region.jsm", 419))
console.warn: TopSitesFeed: Failed to fetch data from Contile server: NetworkError when attempting to fetch resource.
JavaScript warning: https://pagead2.googlesyndication.com/bg/Op0h1o4bLATv4Gekw87wLIhuIhk3mUgQ1PXLVSVUXpk.js line 1 > eval line 6023 > eval line 1 > eval, line 1: WEBGL_debug_renderer_info is deprecated in Firefox and will be removed. Please use RENDERER.
console.log: WebExtensions: reset-default-search: starting.
console.log: WebExtensions: reset-default-search: No addons in our list are installed.
console.log: WebExtensions: reset-default-search: starting.
console.log: WebExtensions: reset-default-search: No addons in our list are installed.
1634135167049	geckodriver	INFO	Listening on 127.0.0.1:60305
1634135168075	mozrunner::runner	INFO	Running command: "/Applications/Firefox.app/Contents/MacOS/firefox-bin" "--marionette" "-headless" "--user-agent=Mozilla/5.0 (Windows NT 10.0; Win64; x64) AppleWebKit/537.36 (KHTML, like Gecko) Chrome/61.0.3163.100 Safari/537.36" "-foreground" "-no-remote" "-profile" "/var/folders/vg/6bswdsv92tz16s_1c281j3km0000gn/T/rust_mozprofilejmm9PP"
*** You are running in headless mode.
1634135170202	Marionette	INFO	Marionette enabled
[GFX1-]: RenderCompositorSWGL failed mapping default framebuffer, no dt
console.warn: SearchSettings: "get: No settings file exists, new profile?" (new NotFoundError("Could not open the file at /var/folders/vg/6bswdsv92tz16s_1c281j3km0000gn/T/rust_mozprofilejmm9PP/search.json.mozlz4", (void 0)))
console.error: BackgroundUpdate: 
  _reasonsToNotScheduleUpdates: Failed to check for Maintenance Service Registry Key: [Exception... "Component returned failure code: 0x80004001 (NS_ERROR_NOT_IMPLEMENTED) [nsIUpdateProcessor.getServiceRegKeyExists]"  nsresult: "0x80004001 (NS_ERROR_NOT_IMPLEMENTED)"  location: "JS frame :: resource://gre/modules/BackgroundUpdate.jsm :: _reasonsToNotScheduleUpdates :: line 243"  data: no]
1634135175599	Marionette	INFO	Listening on port 60312
1634135175730	RemoteAgent	WARN	TLS certificate errors will be ignored for this session
JavaScript error: , line 0: uncaught exception: undefined
JavaScript error: , line 0: uncaught exception: undefined
console.log: WebExtensions: reset-default-search: starting.
console.log: WebExtensions: reset-default-search: No addons in our list are installed.
1634136428300	geckodriver	INFO	Listening on 127.0.0.1:60822
1634136429363	mozrunner::runner	INFO	Running command: "/Applications/Firefox.app/Contents/MacOS/firefox-bin" "--marionette" "-headless" "--user-agent=Mozilla/5.0 (Windows NT 10.0; Win64; x64) AppleWebKit/537.36 (KHTML, like Gecko) Chrome/61.0.3163.100 Safari/537.36" "-foreground" "-no-remote" "-profile" "/var/folders/vg/6bswdsv92tz16s_1c281j3km0000gn/T/rust_mozprofile5dPREM"
*** You are running in headless mode.
1634136430907	Marionette	INFO	Marionette enabled
[GFX1-]: RenderCompositorSWGL failed mapping default framebuffer, no dt
console.warn: SearchSettings: "get: No settings file exists, new profile?" (new NotFoundError("Could not open the file at /var/folders/vg/6bswdsv92tz16s_1c281j3km0000gn/T/rust_mozprofile5dPREM/search.json.mozlz4", (void 0)))
console.error: BackgroundUpdate: 
  _reasonsToNotScheduleUpdates: Failed to check for Maintenance Service Registry Key: [Exception... "Component returned failure code: 0x80004001 (NS_ERROR_NOT_IMPLEMENTED) [nsIUpdateProcessor.getServiceRegKeyExists]"  nsresult: "0x80004001 (NS_ERROR_NOT_IMPLEMENTED)"  location: "JS frame :: resource://gre/modules/BackgroundUpdate.jsm :: _reasonsToNotScheduleUpdates :: line 243"  data: no]
1634136436142	Marionette	INFO	Listening on port 60829
1634136436223	RemoteAgent	WARN	TLS certificate errors will be ignored for this session
1634136470939	geckodriver	INFO	Listening on 127.0.0.1:60975
1634136472005	mozrunner::runner	INFO	Running command: "/Applications/Firefox.app/Contents/MacOS/firefox-bin" "--marionette" "-headless" "--user-agent=Mozilla/5.0 (Windows NT 10.0; Win64; x64) AppleWebKit/537.36 (KHTML, like Gecko) Chrome/61.0.3163.100 Safari/537.36" "-foreground" "-no-remote" "-profile" "/var/folders/vg/6bswdsv92tz16s_1c281j3km0000gn/T/rust_mozprofileV6tqmV"
*** You are running in headless mode.
1634136473273	Marionette	INFO	Marionette enabled
[GFX1-]: RenderCompositorSWGL failed mapping default framebuffer, no dt
console.warn: SearchSettings: "get: No settings file exists, new profile?" (new NotFoundError("Could not open the file at /var/folders/vg/6bswdsv92tz16s_1c281j3km0000gn/T/rust_mozprofileV6tqmV/search.json.mozlz4", (void 0)))
console.error: BackgroundUpdate: 
  _reasonsToNotScheduleUpdates: Failed to check for Maintenance Service Registry Key: [Exception... "Component returned failure code: 0x80004001 (NS_ERROR_NOT_IMPLEMENTED) [nsIUpdateProcessor.getServiceRegKeyExists]"  nsresult: "0x80004001 (NS_ERROR_NOT_IMPLEMENTED)"  location: "JS frame :: resource://gre/modules/BackgroundUpdate.jsm :: _reasonsToNotScheduleUpdates :: line 243"  data: no]
1634136478059	Marionette	INFO	Listening on port 60982
1634136478171	RemoteAgent	WARN	TLS certificate errors will be ignored for this session
JavaScript warning: https://pagead2.googlesyndication.com/bg/Op0h1o4bLATv4Gekw87wLIhuIhk3mUgQ1PXLVSVUXpk.js line 1 > eval line 2031 > eval line 1 > eval, line 1: WEBGL_debug_renderer_info is deprecated in Firefox and will be removed. Please use RENDERER.
JavaScript warning: https://pagead2.googlesyndication.com/bg/Op0h1o4bLATv4Gekw87wLIhuIhk3mUgQ1PXLVSVUXpk.js line 1 > eval line 4168 > eval line 1 > eval, line 1: WEBGL_debug_renderer_info is deprecated in Firefox and will be removed. Please use RENDERER.
1634136755095	geckodriver	INFO	Listening on 127.0.0.1:61173
1634136756199	mozrunner::runner	INFO	Running command: "/Applications/Firefox.app/Contents/MacOS/firefox-bin" "--marionette" "-headless" "--user-agent=Mozilla/5.0 (Windows NT 10.0; Win64; x64) AppleWebKit/537.36 (KHTML, like Gecko) Chrome/61.0.3163.100 Safari/537.36" "-foreground" "-no-remote" "-profile" "/var/folders/vg/6bswdsv92tz16s_1c281j3km0000gn/T/rust_mozprofileWB5zuv"
*** You are running in headless mode.
1634136758247	Marionette	INFO	Marionette enabled
[GFX1-]: RenderCompositorSWGL failed mapping default framebuffer, no dt
console.warn: SearchSettings: "get: No settings file exists, new profile?" (new NotFoundError("Could not open the file at /var/folders/vg/6bswdsv92tz16s_1c281j3km0000gn/T/rust_mozprofileWB5zuv/search.json.mozlz4", (void 0)))
console.error: BackgroundUpdate: 
  _reasonsToNotScheduleUpdates: Failed to check for Maintenance Service Registry Key: [Exception... "Component returned failure code: 0x80004001 (NS_ERROR_NOT_IMPLEMENTED) [nsIUpdateProcessor.getServiceRegKeyExists]"  nsresult: "0x80004001 (NS_ERROR_NOT_IMPLEMENTED)"  location: "JS frame :: resource://gre/modules/BackgroundUpdate.jsm :: _reasonsToNotScheduleUpdates :: line 243"  data: no]
1634136763554	Marionette	INFO	Listening on port 61180
1634136763634	RemoteAgent	WARN	TLS certificate errors will be ignored for this session
JavaScript warning: https://pagead2.googlesyndication.com/bg/Op0h1o4bLATv4Gekw87wLIhuIhk3mUgQ1PXLVSVUXpk.js line 1 > eval line 4770 > eval line 1 > eval, line 1: WEBGL_debug_renderer_info is deprecated in Firefox and will be removed. Please use RENDERER.
JavaScript warning: https://pagead2.googlesyndication.com/bg/Op0h1o4bLATv4Gekw87wLIhuIhk3mUgQ1PXLVSVUXpk.js line 1 > eval line 4786 > eval line 1 > eval, line 1: WEBGL_debug_renderer_info is deprecated in Firefox and will be removed. Please use RENDERER.
console.log: WebExtensions: reset-default-search: starting.
console.log: WebExtensions: reset-default-search: No addons in our list are installed.
1634137897628	geckodriver	INFO	Listening on 127.0.0.1:61653
1634137897702	mozrunner::runner	INFO	Running command: "/Applications/Firefox.app/Contents/MacOS/firefox-bin" "--marionette" "-headless" "--user-agent=Mozilla/5.0 (Windows NT 10.0; Win64; x64) AppleWebKit/537.36 (KHTML, like Gecko) Chrome/61.0.3163.100 Safari/537.36" "-foreground" "-no-remote" "-profile" "/var/folders/vg/6bswdsv92tz16s_1c281j3km0000gn/T/rust_mozprofile3T2h3t"
*** You are running in headless mode.
1634137900255	Marionette	INFO	Marionette enabled
[GFX1-]: RenderCompositorSWGL failed mapping default framebuffer, no dt
console.warn: SearchSettings: "get: No settings file exists, new profile?" (new NotFoundError("Could not open the file at /var/folders/vg/6bswdsv92tz16s_1c281j3km0000gn/T/rust_mozprofile3T2h3t/search.json.mozlz4", (void 0)))
console.error: BackgroundUpdate: 
  _reasonsToNotScheduleUpdates: Failed to check for Maintenance Service Registry Key: [Exception... "Component returned failure code: 0x80004001 (NS_ERROR_NOT_IMPLEMENTED) [nsIUpdateProcessor.getServiceRegKeyExists]"  nsresult: "0x80004001 (NS_ERROR_NOT_IMPLEMENTED)"  location: "JS frame :: resource://gre/modules/BackgroundUpdate.jsm :: _reasonsToNotScheduleUpdates :: line 243"  data: no]
1634137905811	Marionette	INFO	Listening on port 61658
1634137905912	RemoteAgent	WARN	TLS certificate errors will be ignored for this session
JavaScript warning: https://pagead2.googlesyndication.com/bg/Op0h1o4bLATv4Gekw87wLIhuIhk3mUgQ1PXLVSVUXpk.js line 1 > eval line 416 > eval, line 1: WEBGL_debug_renderer_info is deprecated in Firefox and will be removed. Please use RENDERER.
JavaScript warning: https://pagead2.googlesyndication.com/bg/Op0h1o4bLATv4Gekw87wLIhuIhk3mUgQ1PXLVSVUXpk.js line 1 > eval line 7406 > eval line 1 > eval, line 1: WEBGL_debug_renderer_info is deprecated in Firefox and will be removed. Please use RENDERER.
console.log: WebExtensions: reset-default-search: starting.
console.log: WebExtensions: reset-default-search: No addons in our list are installed.
1634139408261	Marionette	INFO	Stopped listening on port 61658
JavaScript error: resource:///modules/Interactions.jsm, line 201: NS_ERROR_FAILURE: Component returned failure code: 0x80004005 (NS_ERROR_FAILURE) [nsIUserIdleService.removeIdleObserver]

###!!! [Parent][RunMessage] Error: Channel closing: too late to send/recv, messages will be lost

